app/manifest-merger-release-report.txt
-- Merging decision tree log ---
manifest
ADDED from AndroidManifest.xml:17:1
	package
		ADDED from AndroidManifest.xml:18:11
		INJECTED from AndroidManifest.xml:0:0
		INJECTED from AndroidManifest.xml:0:0
	android:versionName
		ADDED from AndroidManifest.xml:19:36
	android:versionCode
		ADDED from AndroidManifest.xml:19:11
		INJECTED from AndroidManifest.xml:0:0
		INJECTED from AndroidManifest.xml:0:0
	xmlns:android
		ADDED from AndroidManifest.xml:17:11
uses-sdk
ADDED from AndroidManifest.xml:21:3
	android:targetSdkVersion
		ADDED from AndroidManifest.xml:21:39
		INJECTED from AndroidManifest.xml:0:0
		INJECTED from AndroidManifest.xml:0:0
	android:minSdkVersion
		ADDED from AndroidManifest.xml:21:13
		INJECTED from AndroidManifest.xml:0:0
		INJECTED from AndroidManifest.xml:0:0
uses-permission#android.permission.VIBRATE
ADDED from AndroidManifest.xml:23:3
	android:name
		ADDED from AndroidManifest.xml:23:20
application
ADDED from AndroidManifest.xml:29:3
	android:label
		ADDED from AndroidManifest.xml:29:16
	android:allowBackup
		ADDED from AndroidManifest.xml:33:16
	android:icon
		ADDED from AndroidManifest.xml:30:16
	android:theme
		ADDED from AndroidManifest.xml:31:16
	android:name
		ADDED from AndroidManifest.xml:32:16
activity#com.sandstormbox.authenticator.AuthenticatorActivity
ADDED from AndroidManifest.xml:35:5
	android:label
		ADDED from AndroidManifest.xml:36:15
	android:launchMode
		ADDED from AndroidManifest.xml:37:15
	android:name
		ADDED from AndroidManifest.xml:35:15
intent-filter#android.intent.action.MAIN+android.intent.category.LAUNCHER
ADDED from AndroidManifest.xml:38:7
action#android.intent.action.MAIN
ADDED from AndroidManifest.xml:39:9
	android:name
		ADDED from AndroidManifest.xml:39:17
category#android.intent.category.LAUNCHER
ADDED from AndroidManifest.xml:40:9
	android:name
		ADDED from AndroidManifest.xml:40:19
intent-filter#android.intent.action.VIEW+android.intent.category.BROWSABLE+android.intent.category.DEFAULT
ADDED from AndroidManifest.xml:42:7
action#android.intent.action.VIEW
ADDED from AndroidManifest.xml:43:9
	android:name
		ADDED from AndroidManifest.xml:43:17
category#android.intent.category.DEFAULT
ADDED from AndroidManifest.xml:44:9
	android:name
		ADDED from AndroidManifest.xml:44:19
category#android.intent.category.BROWSABLE
ADDED from AndroidManifest.xml:45:9
	android:name
		ADDED from AndroidManifest.xml:45:19
data
ADDED from AndroidManifest.xml:46:9
	android:scheme
		ADDED from AndroidManifest.xml:46:15
activity#com.sandstormbox.authenticator.SettingsAboutActivity
ADDED from AndroidManifest.xml:50:5
	android:label
		ADDED from AndroidManifest.xml:51:15
	android:name
		ADDED from AndroidManifest.xml:50:15
activity#com.sandstormbox.authenticator.AddOtherAccountActivity
ADDED from AndroidManifest.xml:53:5
	android:label
		ADDED from AndroidManifest.xml:54:15
	android:name
		ADDED from AndroidManifest.xml:53:15
activity#com.sandstormbox.authenticator.EnterKeyActivity
ADDED from AndroidManifest.xml:56:5
	android:label
		ADDED from AndroidManifest.xml:57:15
	android:name
		ADDED from AndroidManifest.xml:56:15
activity#com.sandstormbox.authenticator.CheckCodeActivity
ADDED from AndroidManifest.xml:59:5
	android:label
		ADDED from AndroidManifest.xml:60:15
	android:name
		ADDED from AndroidManifest.xml:59:15
activity#com.sandstormbox.authenticator.SettingsActivity
ADDED from AndroidManifest.xml:62:5
	android:label
		ADDED from AndroidManifest.xml:63:15
	android:name
		ADDED from AndroidManifest.xml:62:15
activity#com.sandstormbox.authenticator.howitworks.IntroEnterPasswordActivity
ADDED from AndroidManifest.xml:65:5
	android:label
		ADDED from AndroidManifest.xml:67:15
	android:theme
		ADDED from AndroidManifest.xml:66:15
	android:name
		ADDED from AndroidManifest.xml:65:15
activity#com.sandstormbox.authenticator.howitworks.IntroEnterCodeActivity
ADDED from AndroidManifest.xml:68:5
	android:label
		ADDED from AndroidManifest.xml:70:15
	android:theme
		ADDED from AndroidManifest.xml:69:15
	android:name
		ADDED from AndroidManifest.xml:68:15
activity#com.sandstormbox.authenticator.howitworks.IntroVerifyDeviceActivity
ADDED from AndroidManifest.xml:71:5
	android:label
		ADDED from AndroidManifest.xml:73:15
	android:theme
		ADDED from AndroidManifest.xml:72:15
	android:name
		ADDED from AndroidManifest.xml:71:15
activity#com.sandstormbox.authenticator.timesync.SettingsTimeCorrectionActivity
ADDED from AndroidManifest.xml:75:5
	android:label
		ADDED from AndroidManifest.xml:76:15
	android:name
		ADDED from AndroidManifest.xml:75:15
activity#com.sandstormbox.authenticator.timesync.AboutActivity
ADDED from AndroidManifest.xml:78:5
	android:label
		ADDED from AndroidManifest.xml:80:15
	android:theme
		ADDED from AndroidManifest.xml:79:15
	android:name
		ADDED from AndroidManifest.xml:78:15
activity#com.sandstormbox.authenticator.timesync.SyncNowActivity
ADDED from AndroidManifest.xml:82:5
	android:label
		ADDED from AndroidManifest.xml:84:15
	android:theme
		ADDED from AndroidManifest.xml:83:15
	android:name
		ADDED from AndroidManifest.xml:82:15